# JRE version: Java(TM) SE Runtime Environment (8.0_172-b11) (build 1.8.0_172-b11)
# Java VM: Java HotSpot(TM) 64-Bit Server VM (25.172-b11 mixed mode windows-amd64 compressed oops)
Heap:
 PSYoungGen      total 3584K, used 923K [0x000000076b580000, 0x000000076b980000, 0x00000007c0000000)
  eden space 3072K, 30% used [0x000000076b580000,0x000000076b666d88,0x000000076b880000)
  from space 512K, 0% used [0x000000076b880000,0x000000076b880000,0x000000076b900000)
  to   space 512K, 0% used [0x000000076b900000,0x000000076b900000,0x000000076b980000)
 ParOldGen       total 5632K, used 3354K [0x00000006c2000000, 0x00000006c2580000, 0x000000076b580000)
  object space 5632K, 59% used [0x00000006c2000000,0x00000006c2346800,0x00000006c2580000)
 Metaspace       used 7255K, capacity 8148K, committed 8448K, reserved 1058816K
  class space    used 882K, capacity 912K, committed 1024K, reserved 1048576K
GC Heap History (10 events):
Event: 0.310 GC heap before
{Heap before GC invocations=5 (full 0):
 PSYoungGen      total 3584K, used 2929K [0x000000076b580000, 0x000000076b980000, 0x00000007c0000000)
  eden space 3072K, 79% used [0x000000076b580000,0x000000076b7e0678,0x000000076b880000)
  from space 512K, 96% used [0x000000076b900000,0x000000076b97c010,0x000000076b980000)
  to   space 512K, 0% used [0x000000076b880000,0x000000076b880000,0x000000076b900000)
 ParOldGen       total 5632K, used 964K [0x00000006c2000000, 0x00000006c2580000, 0x000000076b580000)
  object space 5632K, 17% used [0x00000006c2000000,0x00000006c20f1070,0x00000006c2580000)
 Metaspace       used 6908K, capacity 7860K, committed 8064K, reserved 1056768K
  class space    used 862K, capacity 880K, committed 896K, reserved 1048576K
Event: 0.312 GC heap after
Heap after GC invocations=5 (full 0):
 PSYoungGen      total 3584K, used 512K [0x000000076b580000, 0x000000076b980000, 0x00000007c0000000)
  eden space 3072K, 0% used [0x000000076b580000,0x000000076b580000,0x000000076b880000)
  from space 512K, 100% used [0x000000076b880000,0x000000076b900000,0x000000076b900000)
  to   space 512K, 0% used [0x000000076b900000,0x000000076b900000,0x000000076b980000)
 ParOldGen       total 5632K, used 1810K [0x00000006c2000000, 0x00000006c2580000, 0x000000076b580000)
  object space 5632K, 32% used [0x00000006c2000000,0x00000006c21c4bc8,0x00000006c2580000)
 Metaspace       used 6908K, capacity 7860K, committed 8064K, reserved 1056768K
  class space    used 862K, capacity 880K, committed 896K, reserved 1048576K
}
Event: 0.328 GC heap before
{Heap before GC invocations=6 (full 0):
 PSYoungGen      total 3584K, used 2308K [0x000000076b580000, 0x000000076b980000, 0x00000007c0000000)
  eden space 3072K, 58% used [0x000000076b580000,0x000000076b7410e0,0x000000076b880000)
  from space 512K, 100% used [0x000000076b880000,0x000000076b900000,0x000000076b900000)
  to   space 512K, 0% used [0x000000076b900000,0x000000076b900000,0x000000076b980000)
 ParOldGen       total 5632K, used 1810K [0x00000006c2000000, 0x00000006c2580000, 0x000000076b580000)
  object space 5632K, 32% used [0x00000006c2000000,0x00000006c21c4bc8,0x00000006c2580000)
 Metaspace       used 7147K, capacity 8020K, committed 8192K, reserved 1060864K
  class space    used 882K, capacity 912K, committed 1024K, reserved 1048576K
Event: 0.329 GC heap after
Heap after GC invocations=6 (full 0):
 PSYoungGen      total 3584K, used 512K [0x000000076b580000, 0x000000076b980000, 0x00000007c0000000)
  eden space 3072K, 0% used [0x000000076b580000,0x000000076b580000,0x000000076b880000)
  from space 512K, 100% used [0x000000076b900000,0x000000076b980000,0x000000076b980000)
  to   space 512K, 0% used [0x000000076b880000,0x000000076b880000,0x000000076b900000)
 ParOldGen       total 5632K, used 4446K [0x00000006c2000000, 0x00000006c2580000, 0x000000076b580000)
  object space 5632K, 78% used [0x00000006c2000000,0x00000006c24578a8,0x00000006c2580000)
 Metaspace       used 7147K, capacity 8020K, committed 8192K, reserved 1060864K
  class space    used 882K, capacity 912K, committed 1024K, reserved 1048576K
}
Event: 0.329 GC heap before
{Heap before GC invocations=7 (full 1):
 PSYoungGen      total 3584K, used 512K [0x000000076b580000, 0x000000076b980000, 0x00000007c0000000)
  eden space 3072K, 0% used [0x000000076b580000,0x000000076b580000,0x000000076b880000)
  from space 512K, 100% used [0x000000076b900000,0x000000076b980000,0x000000076b980000)
  to   space 512K, 0% used [0x000000076b880000,0x000000076b880000,0x000000076b900000)
 ParOldGen       total 5632K, used 4446K [0x00000006c2000000, 0x00000006c2580000, 0x000000076b580000)
  object space 5632K, 78% used [0x00000006c2000000,0x00000006c24578a8,0x00000006c2580000)
 Metaspace       used 7147K, capacity 8020K, committed 8192K, reserved 1060864K
  class space    used 882K, capacity 912K, committed 1024K, reserved 1048576K
Event: 0.334 GC heap after
Heap after GC invocations=7 (full 1):
 PSYoungGen      total 3584K, used 0K [0x000000076b580000, 0x000000076b980000, 0x00000007c0000000)
  eden space 3072K, 0% used [0x000000076b580000,0x000000076b580000,0x000000076b880000)
  from space 512K, 0% used [0x000000076b900000,0x000000076b900000,0x000000076b980000)
  to   space 512K, 0% used [0x000000076b880000,0x000000076b880000,0x000000076b900000)
 ParOldGen       total 5632K, used 3584K [0x00000006c2000000, 0x00000006c2580000, 0x000000076b580000)
  object space 5632K, 63% used [0x00000006c2000000,0x00000006c2380188,0x00000006c2580000)
 Metaspace       used 7147K, capacity 8020K, committed 8192K, reserved 1058816K
  class space    used 882K, capacity 912K, committed 1024K, reserved 1048576K
}
Event: 0.335 GC heap before
{Heap before GC invocations=8 (full 1):
 PSYoungGen      total 3584K, used 0K [0x000000076b580000, 0x000000076b980000, 0x00000007c0000000)
  eden space 3072K, 0% used [0x000000076b580000,0x000000076b580000,0x000000076b880000)
  from space 512K, 0% used [0x000000076b900000,0x000000076b900000,0x000000076b980000)
  to   space 512K, 0% used [0x000000076b880000,0x000000076b880000,0x000000076b900000)
 ParOldGen       total 5632K, used 3584K [0x00000006c2000000, 0x00000006c2580000, 0x000000076b580000)
  object space 5632K, 63% used [0x00000006c2000000,0x00000006c2380188,0x00000006c2580000)
 Metaspace       used 7147K, capacity 8020K, committed 8192K, reserved 1062912K
  class space    used 882K, capacity 912K, committed 1024K, reserved 1048576K
Event: 0.335 GC heap after
Heap after GC invocations=8 (full 1):
 PSYoungGen      total 3584K, used 0K [0x000000076b580000, 0x000000076b980000, 0x00000007c0000000)
  eden space 3072K, 0% used [0x000000076b580000,0x000000076b580000,0x000000076b880000)
  from space 512K, 0% used [0x000000076b880000,0x000000076b880000,0x000000076b900000)
  to   space 512K, 0% used [0x000000076b900000,0x000000076b900000,0x000000076b980000)
 ParOldGen       total 5632K, used 3584K [0x00000006c2000000, 0x00000006c2580000, 0x000000076b580000)
  object space 5632K, 63% used [0x00000006c2000000,0x00000006c2380188,0x00000006c2580000)
 Metaspace       used 7147K, capacity 8020K, committed 8192K, reserved 1062912K
  class space    used 882K, capacity 912K, committed 1024K, reserved 1048576K
}
Event: 0.335 GC heap before
{Heap before GC invocations=9 (full 2):
 PSYoungGen      total 3584K, used 0K [0x000000076b580000, 0x000000076b980000, 0x00000007c0000000)
  eden space 3072K, 0% used [0x000000076b580000,0x000000076b580000,0x000000076b880000)
  from space 512K, 0% used [0x000000076b880000,0x000000076b880000,0x000000076b900000)
  to   space 512K, 0% used [0x000000076b900000,0x000000076b900000,0x000000076b980000)
 ParOldGen       total 5632K, used 3584K [0x00000006c2000000, 0x00000006c2580000, 0x000000076b580000)
  object space 5632K, 63% used [0x00000006c2000000,0x00000006c2380188,0x00000006c2580000)
 Metaspace       used 7147K, capacity 8020K, committed 8192K, reserved 1062912K
  class space    used 882K, capacity 912K, committed 1024K, reserved 1048576K
Event: 0.345 GC heap after
Heap after GC invocations=9 (full 2):
 PSYoungGen      total 3584K, used 0K [0x000000076b580000, 0x000000076b980000, 0x00000007c0000000)
  eden space 3072K, 0% used [0x000000076b580000,0x000000076b580000,0x000000076b880000)
  from space 512K, 0% used [0x000000076b880000,0x000000076b880000,0x000000076b900000)
  to   space 512K, 0% used [0x000000076b900000,0x000000076b900000,0x000000076b980000)
 ParOldGen       total 5632K, used 3354K [0x00000006c2000000, 0x00000006c2580000, 0x000000076b580000)
  object space 5632K, 59% used [0x00000006c2000000,0x00000006c2346800,0x00000006c2580000)
 Metaspace       used 7147K, capacity 8020K, committed 8192K, reserved 1058816K
  class space    used 882K, capacity 912K, committed 1024K, reserved 1048576K
}

